<?xml version="1.0" encoding="UTF-8"?>
<!-- Generated by org.testng.reporters.JUnitXMLReporter -->
<testsuite ignored="0" hostname="DESKTOP-3R73L8V" failures="1" tests="3" name="Test" time="20.325" errors="0" timestamp="24 Nov 2019 08:32:38 GMT">
  <testcase classname="allureReports.Tests" name="logoPresence" time="0.192"/>
  <testcase classname="allureReports.Tests" name="loginTest" time="5.781">
    <failure type="java.lang.AssertionError" message="expected [nopCommerce demo store123] but found [nopCommerce demo store]">
      <![CDATA[java.lang.AssertionError: expected [nopCommerce demo store123] but found [nopCommerce demo store]
at allureReports.Tests.loginTest(Tests.java:65)
... Removed 31 stack frames]]>
    </failure>
  </testcase> <!-- loginTest -->
  <testcase classname="allureReports.Tests" name="registrationTest" time="0.01">
    <skipped/>
  </testcase> <!-- registrationTest -->
</testsuite> <!-- Test -->
